[ 2015-05-30T16:36:09+08:00 ] ERR: (ThinkException) 非法操作:__CSS__
[ 2015-05-30T16:36:09+08:00 ] ERR: (ThinkException) 非法操作:__JS__
[ 2015-05-30T16:36:09+08:00 ] ERR: (ThinkException) 非法操作:__CSS__
[ 2015-05-30T16:36:09+08:00 ] ERR: (ThinkException) 非法操作:__JS__
[ 2015-05-30T16:36:09+08:00 ] ERR: (ThinkException) 非法操作:__JS__
[ 2015-05-30T16:36:09+08:00 ] ERR: (ThinkException) 非法操作:__CSS__
[ 2015-05-30T17:45:04+08:00 ] ERR: (ThinkException) 非法操作:index2
[ 2015-05-30T18:58:46+08:00 ] ERR: (ThinkException) Action:dispaly您所请求的方法不存在！
[ 2015-05-30T19:17:33+08:00 ] ERR: (ThinkException) 无法加载模块:Daohang
[ 2015-05-30T19:20:39+08:00 ] ERR: (ThinkException) 无法加载模块:Daohang
[ 2015-05-30T19:20:40+08:00 ] ERR: (ThinkException) 无法加载模块:Daohang
[ 2015-05-30T19:20:40+08:00 ] ERR: (ThinkException) 无法加载模块:Daohang
[ 2015-05-30T19:20:40+08:00 ] ERR: (ThinkException) 无法加载模块:Daohang
[ 2015-05-30T19:20:41+08:00 ] ERR: (ThinkException) 无法加载模块:Daohang
[ 2015-05-30T19:20:41+08:00 ] ERR: (ThinkException) 无法加载模块:Daohang
[ 2015-05-30T19:20:41+08:00 ] ERR: (ThinkException) 无法加载模块:Daohang
[ 2015-05-30T19:20:41+08:00 ] ERR: (ThinkException) 无法加载模块:Daohang
[ 2015-05-30T19:24:27+08:00 ] ERR: (ThinkException) 无法加载模块:Daohang
[ 2015-05-30T19:24:56+08:00 ] ERR: (ThinkException) 无法加载模块:Daohang
[ 2015-05-30T19:24:58+08:00 ] ERR: (ThinkException) 无法加载模块:Daohang
[ 2015-05-30T19:24:58+08:00 ] ERR: (ThinkException) 无法加载模块:Daohang
[ 2015-05-30T19:24:59+08:00 ] ERR: (ThinkException) 无法加载模块:Daohang
[ 2015-05-30T19:24:59+08:00 ] ERR: (ThinkException) 无法加载模块:Daohang
[ 2015-05-30T19:24:59+08:00 ] ERR: (ThinkException) 无法加载模块:Daohang
[ 2015-05-30T19:25:00+08:00 ] ERR: (ThinkException) 无法加载模块:Daohang
[ 2015-05-30T19:25:00+08:00 ] ERR: (ThinkException) 无法加载模块:Daohang
[ 2015-05-30T19:25:00+08:00 ] ERR: (ThinkException) 无法加载模块:Daohang
[ 2015-05-30T19:25:00+08:00 ] ERR: (ThinkException) 无法加载模块:Daohang
[ 2015-05-30T19:25:14+08:00 ] ERR: (ThinkException) 无法加载模块:Daohang
[ 2015-05-30T19:25:15+08:00 ] ERR: (ThinkException) 无法加载模块:Daohang
[ 2015-05-30T19:25:16+08:00 ] ERR: (ThinkException) 无法加载模块:Daohang
[ 2015-05-30T19:30:54+08:00 ] ERR: (ThinkException) 无法加载模块:City
[ 2015-05-30T19:30:59+08:00 ] ERR: (ThinkException) 无法加载模块:City
[ 2015-05-30T20:53:56+08:00 ] ERR: (ThinkException) 非法操作:北京
[ 2015-05-30T20:54:05+08:00 ] ERR: (ThinkException) 非法操作:上海
[ 2015-05-30T20:54:08+08:00 ] ERR: (ThinkException) 非法操作:北京
[ 2015-05-30T20:54:12+08:00 ] ERR: (ThinkException) 非法操作:北京
[ 2015-05-30T21:06:05+08:00 ] ERR: (ThinkException) 模板不存在[./Home/Tpl/fd/index.html]
[ 2015-05-30T21:06:55+08:00 ] ERR: (ThinkException) 模板不存在[./Home/Tpl/City/fd.html]
[ 2015-05-30T21:06:56+08:00 ] ERR: (ThinkException) 模板不存在[./Home/Tpl/City/fd.html]
