[ 2015-05-31T09:06:58+08:00 ] 0.0.0.0 /Blog/
INFO: [ app_begin ] --START--
INFO: Run ReadHtmlCache Behavior [ RunTime:0.001574s ]
INFO: [ app_begin ] --END-- [ RunTime:0.001706s ]
INFO: [ view_template ] --START--
INFO: Run LocationTemplate Behavior [ RunTime:0.001277s ]
INFO: [ view_template ] --END-- [ RunTime:0.001423s ]
INFO: [ view_parse ] --START--
INFO: Run ParseTemplate Behavior [ RunTime:0.039569s ]
INFO: [ view_parse ] --END-- [ RunTime:0.039685s ]
INFO: [ view_filter ] --START--
INFO: Run ContentReplace Behavior [ RunTime:0.000880s ]
INFO: Run TokenBuild Behavior [ RunTime:0.000879s ]
INFO: Run WriteHtmlCache Behavior [ RunTime:0.000721s ]
INFO: Run ShowRuntime Behavior [ RunTime:0.000957s ]
INFO: [ view_filter ] --END-- [ RunTime:0.003759s ]
INFO: [ view_end ] --START--
INFO: Run ShowPageTrace Behavior [ RunTime:0.001105s ]
INFO: [ view_end ] --END-- [ RunTime:0.001210s ]

[ 2015-05-31T09:10:15+08:00 ] 0.0.0.0 /Blog/
INFO: [ app_begin ] --START--
INFO: Run ReadHtmlCache Behavior [ RunTime:0.000896s ]
INFO: [ app_begin ] --END-- [ RunTime:0.001018s ]
INFO: [ view_template ] --START--
INFO: Run LocationTemplate Behavior [ RunTime:0.000635s ]
INFO: [ view_template ] --END-- [ RunTime:0.000735s ]
INFO: [ view_parse ] --START--
INFO: Run ParseTemplate Behavior [ RunTime:0.007064s ]
INFO: [ view_parse ] --END-- [ RunTime:0.007169s ]
INFO: [ view_filter ] --START--
INFO: Run ContentReplace Behavior [ RunTime:0.000660s ]
INFO: Run TokenBuild Behavior [ RunTime:0.000711s ]
INFO: Run WriteHtmlCache Behavior [ RunTime:0.000493s ]
INFO: Run ShowRuntime Behavior [ RunTime:0.000657s ]
INFO: [ view_filter ] --END-- [ RunTime:0.002850s ]
INFO: [ view_end ] --START--
INFO: Run ShowPageTrace Behavior [ RunTime:0.000757s ]
INFO: [ view_end ] --END-- [ RunTime:0.000862s ]

[ 2015-05-31T09:10:16+08:00 ] 0.0.0.0 /Blog/
INFO: [ app_begin ] --START--
INFO: Run ReadHtmlCache Behavior [ RunTime:0.000540s ]
INFO: [ app_begin ] --END-- [ RunTime:0.000676s ]
INFO: [ view_template ] --START--
INFO: Run LocationTemplate Behavior [ RunTime:0.000562s ]
INFO: [ view_template ] --END-- [ RunTime:0.000673s ]
INFO: [ view_parse ] --START--
INFO: Run ParseTemplate Behavior [ RunTime:0.024273s ]
INFO: [ view_parse ] --END-- [ RunTime:0.024389s ]
INFO: [ view_filter ] --START--
INFO: Run ContentReplace Behavior [ RunTime:0.000499s ]
INFO: Run TokenBuild Behavior [ RunTime:0.000457s ]
INFO: Run WriteHtmlCache Behavior [ RunTime:0.000387s ]
INFO: Run ShowRuntime Behavior [ RunTime:0.000542s ]
INFO: [ view_filter ] --END-- [ RunTime:0.002141s ]
INFO: [ view_end ] --START--
INFO: Run ShowPageTrace Behavior [ RunTime:0.000592s ]
INFO: [ view_end ] --END-- [ RunTime:0.000684s ]

[ 2015-05-31T09:10:42+08:00 ] 0.0.0.0 /Blog/
INFO: [ app_begin ] --START--
INFO: Run ReadHtmlCache Behavior [ RunTime:0.000636s ]
INFO: [ app_begin ] --END-- [ RunTime:0.000759s ]
INFO: [ view_template ] --START--
INFO: Run LocationTemplate Behavior [ RunTime:0.000434s ]
INFO: [ view_template ] --END-- [ RunTime:0.000534s ]
INFO: [ view_parse ] --START--
INFO: Run ParseTemplate Behavior [ RunTime:0.006433s ]
INFO: [ view_parse ] --END-- [ RunTime:0.006537s ]
INFO: [ view_filter ] --START--
INFO: Run ContentReplace Behavior [ RunTime:0.000480s ]
INFO: Run TokenBuild Behavior [ RunTime:0.000604s ]
INFO: Run WriteHtmlCache Behavior [ RunTime:0.000498s ]
INFO: Run ShowRuntime Behavior [ RunTime:0.000612s ]
INFO: [ view_filter ] --END-- [ RunTime:0.002482s ]
INFO: [ view_end ] --START--
INFO: Run ShowPageTrace Behavior [ RunTime:0.000540s ]
INFO: [ view_end ] --END-- [ RunTime:0.000657s ]

[ 2015-05-31T09:16:42+08:00 ] 0.0.0.0 /Blog/
INFO: [ app_begin ] --START--
INFO: Run ReadHtmlCache Behavior [ RunTime:0.000688s ]
INFO: [ app_begin ] --END-- [ RunTime:0.000805s ]
INFO: [ view_template ] --START--
INFO: Run LocationTemplate Behavior [ RunTime:0.000610s ]
INFO: [ view_template ] --END-- [ RunTime:0.000711s ]
INFO: [ view_parse ] --START--
INFO: Run ParseTemplate Behavior [ RunTime:0.007399s ]
INFO: [ view_parse ] --END-- [ RunTime:0.007511s ]
INFO: [ view_filter ] --START--
INFO: Run ContentReplace Behavior [ RunTime:0.000692s ]
INFO: Run TokenBuild Behavior [ RunTime:0.000678s ]
INFO: Run WriteHtmlCache Behavior [ RunTime:0.000489s ]
INFO: Run ShowRuntime Behavior [ RunTime:0.000586s ]
INFO: [ view_filter ] --END-- [ RunTime:0.002806s ]
INFO: [ view_end ] --START--
INFO: Run ShowPageTrace Behavior [ RunTime:0.000660s ]
INFO: [ view_end ] --END-- [ RunTime:0.000753s ]

[ 2015-05-31T09:17:32+08:00 ] 0.0.0.0 /Blog/
INFO: [ app_begin ] --START--
INFO: Run ReadHtmlCache Behavior [ RunTime:0.000662s ]
INFO: [ app_begin ] --END-- [ RunTime:0.000819s ]
INFO: [ view_template ] --START--
INFO: Run LocationTemplate Behavior [ RunTime:0.000642s ]
INFO: [ view_template ] --END-- [ RunTime:0.000756s ]
INFO: [ view_parse ] --START--
INFO: Run ParseTemplate Behavior [ RunTime:0.085508s ]
INFO: [ view_parse ] --END-- [ RunTime:0.085628s ]
INFO: [ view_filter ] --START--
INFO: Run ContentReplace Behavior [ RunTime:0.000540s ]
INFO: Run TokenBuild Behavior [ RunTime:0.000519s ]
INFO: Run WriteHtmlCache Behavior [ RunTime:0.000422s ]
INFO: Run ShowRuntime Behavior [ RunTime:0.000638s ]
INFO: [ view_filter ] --END-- [ RunTime:0.002376s ]
INFO: [ view_end ] --START--
INFO: Run ShowPageTrace Behavior [ RunTime:0.000645s ]
INFO: [ view_end ] --END-- [ RunTime:0.000738s ]

[ 2015-05-31T09:20:42+08:00 ] 0.0.0.0 /Blog/
INFO: [ app_begin ] --START--
INFO: Run ReadHtmlCache Behavior [ RunTime:0.000710s ]
INFO: [ app_begin ] --END-- [ RunTime:0.000841s ]
INFO: [ view_template ] --START--
INFO: Run LocationTemplate Behavior [ RunTime:0.000668s ]
INFO: [ view_template ] --END-- [ RunTime:0.000769s ]
INFO: [ view_parse ] --START--
INFO: Run ParseTemplate Behavior [ RunTime:0.008756s ]
INFO: [ view_parse ] --END-- [ RunTime:0.008897s ]
INFO: [ view_filter ] --START--
INFO: Run ContentReplace Behavior [ RunTime:0.000479s ]
INFO: Run TokenBuild Behavior [ RunTime:0.000538s ]
INFO: Run WriteHtmlCache Behavior [ RunTime:0.000400s ]
INFO: Run ShowRuntime Behavior [ RunTime:0.000638s ]
INFO: [ view_filter ] --END-- [ RunTime:0.002311s ]
INFO: [ view_end ] --START--
INFO: Run ShowPageTrace Behavior [ RunTime:0.000698s ]
INFO: [ view_end ] --END-- [ RunTime:0.000791s ]

[ 2015-05-31T09:22:04+08:00 ] 0.0.0.0 /Blog/
INFO: [ app_begin ] --START--
INFO: Run ReadHtmlCache Behavior [ RunTime:0.000635s ]
INFO: [ app_begin ] --END-- [ RunTime:0.000771s ]
INFO: [ view_template ] --START--
INFO: Run LocationTemplate Behavior [ RunTime:0.000553s ]
INFO: [ view_template ] --END-- [ RunTime:0.000656s ]
INFO: [ view_parse ] --START--
INFO: Run ParseTemplate Behavior [ RunTime:0.006759s ]
INFO: [ view_parse ] --END-- [ RunTime:0.006902s ]
INFO: [ view_filter ] --START--
INFO: Run ContentReplace Behavior [ RunTime:0.000570s ]
INFO: Run TokenBuild Behavior [ RunTime:0.000512s ]
INFO: Run WriteHtmlCache Behavior [ RunTime:0.000384s ]
INFO: Run ShowRuntime Behavior [ RunTime:0.000996s ]
INFO: [ view_filter ] --END-- [ RunTime:0.002834s ]
INFO: [ view_end ] --START--
INFO: Run ShowPageTrace Behavior [ RunTime:0.000756s ]
INFO: [ view_end ] --END-- [ RunTime:0.000861s ]

[ 2015-05-31T09:22:14+08:00 ] 0.0.0.0 /Blog/
INFO: [ app_begin ] --START--
INFO: Run ReadHtmlCache Behavior [ RunTime:0.000504s ]
INFO: [ app_begin ] --END-- [ RunTime:0.000658s ]
INFO: [ view_template ] --START--
INFO: Run LocationTemplate Behavior [ RunTime:0.000384s ]
INFO: [ view_template ] --END-- [ RunTime:0.000492s ]
INFO: [ view_parse ] --START--
INFO: Run ParseTemplate Behavior [ RunTime:0.006774s ]
INFO: [ view_parse ] --END-- [ RunTime:0.006883s ]
INFO: [ view_filter ] --START--
INFO: Run ContentReplace Behavior [ RunTime:0.000476s ]
INFO: Run TokenBuild Behavior [ RunTime:0.000512s ]
INFO: Run WriteHtmlCache Behavior [ RunTime:0.000341s ]
INFO: Run ShowRuntime Behavior [ RunTime:0.000545s ]
INFO: [ view_filter ] --END-- [ RunTime:0.002137s ]
INFO: [ view_end ] --START--
INFO: Run ShowPageTrace Behavior [ RunTime:0.000591s ]
INFO: [ view_end ] --END-- [ RunTime:0.000685s ]

[ 2015-05-31T09:22:37+08:00 ] 0.0.0.0 /Blog/
INFO: [ app_begin ] --START--
INFO: Run ReadHtmlCache Behavior [ RunTime:0.000555s ]
INFO: [ app_begin ] --END-- [ RunTime:0.000695s ]
INFO: [ view_template ] --START--
INFO: Run LocationTemplate Behavior [ RunTime:0.000476s ]
INFO: [ view_template ] --END-- [ RunTime:0.000580s ]
INFO: [ view_parse ] --START--
INFO: Run ParseTemplate Behavior [ RunTime:0.006881s ]
INFO: [ view_parse ] --END-- [ RunTime:0.007038s ]
INFO: [ view_filter ] --START--
INFO: Run ContentReplace Behavior [ RunTime:0.000527s ]
INFO: Run TokenBuild Behavior [ RunTime:0.000501s ]
INFO: Run WriteHtmlCache Behavior [ RunTime:0.000342s ]
INFO: Run ShowRuntime Behavior [ RunTime:0.000563s ]
INFO: [ view_filter ] --END-- [ RunTime:0.002199s ]
INFO: [ view_end ] --START--
INFO: Run ShowPageTrace Behavior [ RunTime:0.000590s ]
INFO: [ view_end ] --END-- [ RunTime:0.000682s ]

[ 2015-05-31T09:22:39+08:00 ] 0.0.0.0 /Blog/
INFO: [ app_begin ] --START--
INFO: Run ReadHtmlCache Behavior [ RunTime:0.000583s ]
INFO: [ app_begin ] --END-- [ RunTime:0.000692s ]
INFO: [ view_template ] --START--
INFO: Run LocationTemplate Behavior [ RunTime:0.000429s ]
INFO: [ view_template ] --END-- [ RunTime:0.000529s ]
INFO: [ view_parse ] --START--
INFO: Run ParseTemplate Behavior [ RunTime:0.006552s ]
INFO: [ view_parse ] --END-- [ RunTime:0.006660s ]
INFO: [ view_filter ] --START--
INFO: Run ContentReplace Behavior [ RunTime:0.000481s ]
INFO: Run TokenBuild Behavior [ RunTime:0.000477s ]
INFO: Run WriteHtmlCache Behavior [ RunTime:0.000355s ]
INFO: Run ShowRuntime Behavior [ RunTime:0.000580s ]
INFO: [ view_filter ] --END-- [ RunTime:0.002152s ]
INFO: [ view_end ] --START--
INFO: Run ShowPageTrace Behavior [ RunTime:0.000600s ]
INFO: [ view_end ] --END-- [ RunTime:0.000693s ]

[ 2015-05-31T09:22:42+08:00 ] 0.0.0.0 /Blog/
INFO: [ app_begin ] --START--
INFO: Run ReadHtmlCache Behavior [ RunTime:0.000564s ]
INFO: [ app_begin ] --END-- [ RunTime:0.000679s ]
INFO: [ view_template ] --START--
INFO: Run LocationTemplate Behavior [ RunTime:0.000429s ]
INFO: [ view_template ] --END-- [ RunTime:0.000530s ]
INFO: [ view_parse ] --START--
INFO: Run ParseTemplate Behavior [ RunTime:0.007117s ]
INFO: [ view_parse ] --END-- [ RunTime:0.007237s ]
INFO: [ view_filter ] --START--
INFO: Run ContentReplace Behavior [ RunTime:0.000525s ]
INFO: Run TokenBuild Behavior [ RunTime:0.000508s ]
INFO: Run WriteHtmlCache Behavior [ RunTime:0.000355s ]
INFO: Run ShowRuntime Behavior [ RunTime:0.000551s ]
INFO: [ view_filter ] --END-- [ RunTime:0.002205s ]
INFO: [ view_end ] --START--
INFO: Run ShowPageTrace Behavior [ RunTime:0.000597s ]
INFO: [ view_end ] --END-- [ RunTime:0.000689s ]

[ 2015-05-31T09:22:42+08:00 ] 0.0.0.0 /Blog/
INFO: [ app_begin ] --START--
INFO: Run ReadHtmlCache Behavior [ RunTime:0.000616s ]
INFO: [ app_begin ] --END-- [ RunTime:0.000729s ]
INFO: [ view_template ] --START--
INFO: Run LocationTemplate Behavior [ RunTime:0.000405s ]
INFO: [ view_template ] --END-- [ RunTime:0.000503s ]
INFO: [ view_parse ] --START--
INFO: Run ParseTemplate Behavior [ RunTime:0.006984s ]
INFO: [ view_parse ] --END-- [ RunTime:0.007092s ]
INFO: [ view_filter ] --START--
INFO: Run ContentReplace Behavior [ RunTime:0.000463s ]
INFO: Run TokenBuild Behavior [ RunTime:0.000548s ]
INFO: Run WriteHtmlCache Behavior [ RunTime:0.000381s ]
INFO: Run ShowRuntime Behavior [ RunTime:0.000573s ]
INFO: [ view_filter ] --END-- [ RunTime:0.002258s ]
INFO: [ view_end ] --START--
INFO: Run ShowPageTrace Behavior [ RunTime:0.000586s ]
INFO: [ view_end ] --END-- [ RunTime:0.000678s ]

[ 2015-05-31T09:23:34+08:00 ] 0.0.0.0 /Blog/
INFO: [ app_begin ] --START--
INFO: Run ReadHtmlCache Behavior [ RunTime:0.000539s ]
INFO: [ app_begin ] --END-- [ RunTime:0.000665s ]
INFO: [ view_template ] --START--
INFO: Run LocationTemplate Behavior [ RunTime:0.000592s ]
INFO: [ view_template ] --END-- [ RunTime:0.000704s ]
INFO: [ view_parse ] --START--
INFO: Run ParseTemplate Behavior [ RunTime:0.006483s ]
INFO: [ view_parse ] --END-- [ RunTime:0.006587s ]
INFO: [ view_filter ] --START--
INFO: Run ContentReplace Behavior [ RunTime:0.000472s ]
INFO: Run TokenBuild Behavior [ RunTime:0.000465s ]
INFO: Run WriteHtmlCache Behavior [ RunTime:0.000324s ]
INFO: Run ShowRuntime Behavior [ RunTime:0.000589s ]
INFO: [ view_filter ] --END-- [ RunTime:0.002103s ]
INFO: [ view_end ] --START--
INFO: Run ShowPageTrace Behavior [ RunTime:0.000613s ]
INFO: [ view_end ] --END-- [ RunTime:0.000708s ]

[ 2015-05-31T09:23:35+08:00 ] 0.0.0.0 /Blog/
INFO: [ app_begin ] --START--
INFO: Run ReadHtmlCache Behavior [ RunTime:0.000659s ]
INFO: [ app_begin ] --END-- [ RunTime:0.000783s ]
INFO: [ view_template ] --START--
INFO: Run LocationTemplate Behavior [ RunTime:0.000638s ]
INFO: [ view_template ] --END-- [ RunTime:0.000741s ]
INFO: [ view_parse ] --START--
INFO: Run ParseTemplate Behavior [ RunTime:0.006995s ]
INFO: [ view_parse ] --END-- [ RunTime:0.007104s ]
INFO: [ view_filter ] --START--
INFO: Run ContentReplace Behavior [ RunTime:0.000736s ]
INFO: Run TokenBuild Behavior [ RunTime:0.000746s ]
INFO: Run WriteHtmlCache Behavior [ RunTime:0.000400s ]
INFO: Run ShowRuntime Behavior [ RunTime:0.000631s ]
INFO: [ view_filter ] --END-- [ RunTime:0.002836s ]
INFO: [ view_end ] --START--
INFO: Run ShowPageTrace Behavior [ RunTime:0.000650s ]
INFO: [ view_end ] --END-- [ RunTime:0.000744s ]

[ 2015-05-31T09:23:36+08:00 ] 0.0.0.0 /Blog/
INFO: [ app_begin ] --START--
INFO: Run ReadHtmlCache Behavior [ RunTime:0.000511s ]
INFO: [ app_begin ] --END-- [ RunTime:0.000643s ]
INFO: [ view_template ] --START--
INFO: Run LocationTemplate Behavior [ RunTime:0.000358s ]
INFO: [ view_template ] --END-- [ RunTime:0.000465s ]
INFO: [ view_parse ] --START--
INFO: Run ParseTemplate Behavior [ RunTime:0.006572s ]
INFO: [ view_parse ] --END-- [ RunTime:0.006687s ]
INFO: [ view_filter ] --START--
INFO: Run ContentReplace Behavior [ RunTime:0.000485s ]
INFO: Run TokenBuild Behavior [ RunTime:0.000401s ]
INFO: Run WriteHtmlCache Behavior [ RunTime:0.000290s ]
INFO: Run ShowRuntime Behavior [ RunTime:0.000593s ]
INFO: [ view_filter ] --END-- [ RunTime:0.002059s ]
INFO: [ view_end ] --START--
INFO: Run ShowPageTrace Behavior [ RunTime:0.000647s ]
INFO: [ view_end ] --END-- [ RunTime:0.000741s ]

[ 2015-05-31T09:23:36+08:00 ] 0.0.0.0 /Blog/
INFO: [ app_begin ] --START--
INFO: Run ReadHtmlCache Behavior [ RunTime:0.000561s ]
INFO: [ app_begin ] --END-- [ RunTime:0.000671s ]
INFO: [ view_template ] --START--
INFO: Run LocationTemplate Behavior [ RunTime:0.000428s ]
INFO: [ view_template ] --END-- [ RunTime:0.000529s ]
INFO: [ view_parse ] --START--
INFO: Run ParseTemplate Behavior [ RunTime:0.006840s ]
INFO: [ view_parse ] --END-- [ RunTime:0.006954s ]
INFO: [ view_filter ] --START--
INFO: Run ContentReplace Behavior [ RunTime:0.000483s ]
INFO: Run TokenBuild Behavior [ RunTime:0.000464s ]
INFO: Run WriteHtmlCache Behavior [ RunTime:0.000319s ]
INFO: Run ShowRuntime Behavior [ RunTime:0.000588s ]
INFO: [ view_filter ] --END-- [ RunTime:0.002114s ]
INFO: [ view_end ] --START--
INFO: Run ShowPageTrace Behavior [ RunTime:0.000577s ]
INFO: [ view_end ] --END-- [ RunTime:0.000696s ]

[ 2015-05-31T09:46:07+08:00 ] 0.0.0.0 /Blog/
INFO: [ app_begin ] --START--
INFO: Run ReadHtmlCache Behavior [ RunTime:0.000655s ]
INFO: [ app_begin ] --END-- [ RunTime:0.000771s ]
SQL: SHOW COLUMNS FROM `think_blog` [ RunTime:0.000215s ]
ERR: No database selected
 [ SQL语句 ] : SHOW COLUMNS FROM `think_blog`
SQL: SELECT * FROM `think_blog`  [ RunTime:0.000148s ]
ERR: No database selected
 [ SQL语句 ] : SELECT * FROM `think_blog` 
NOTIC: [8] Undefined variable: arr E:\Wamp\www\Blog\Home\Lib\Action\IndexAction.class.php 第 8 行.
INFO: [ view_template ] --START--
INFO: Run LocationTemplate Behavior [ RunTime:0.000785s ]
INFO: [ view_template ] --END-- [ RunTime:0.000910s ]
INFO: [ view_parse ] --START--
INFO: Run ParseTemplate Behavior [ RunTime:0.015634s ]
INFO: [ view_parse ] --END-- [ RunTime:0.015776s ]
INFO: [ view_filter ] --START--
INFO: Run ContentReplace Behavior [ RunTime:0.000575s ]
INFO: Run TokenBuild Behavior [ RunTime:0.000542s ]
INFO: Run WriteHtmlCache Behavior [ RunTime:0.000432s ]
INFO: Run ShowRuntime Behavior [ RunTime:0.000615s ]
INFO: [ view_filter ] --END-- [ RunTime:0.002497s ]
INFO: [ view_end ] --START--
INFO: Run ShowPageTrace Behavior [ RunTime:0.000652s ]
INFO: [ view_end ] --END-- [ RunTime:0.000744s ]

[ 2015-05-31T09:46:33+08:00 ] 0.0.0.0 /Blog/
INFO: [ app_begin ] --START--
INFO: Run ReadHtmlCache Behavior [ RunTime:0.000695s ]
INFO: [ app_begin ] --END-- [ RunTime:0.000813s ]
SQL: SHOW COLUMNS FROM `think_blog` [ RunTime:0.000151s ]
ERR: No database selected
 [ SQL语句 ] : SHOW COLUMNS FROM `think_blog`
SQL: SELECT * FROM `think_blog`  [ RunTime:0.000146s ]
ERR: No database selected
 [ SQL语句 ] : SELECT * FROM `think_blog` 
NOTIC: [8] Undefined variable: arr E:\Wamp\www\Blog\Home\Lib\Action\IndexAction.class.php 第 8 行.
INFO: [ view_template ] --START--
INFO: Run LocationTemplate Behavior [ RunTime:0.000774s ]
INFO: [ view_template ] --END-- [ RunTime:0.000874s ]
INFO: [ view_parse ] --START--
INFO: Run ParseTemplate Behavior [ RunTime:0.006578s ]
INFO: [ view_parse ] --END-- [ RunTime:0.006692s ]
INFO: [ view_filter ] --START--
INFO: Run ContentReplace Behavior [ RunTime:0.000493s ]
INFO: Run TokenBuild Behavior [ RunTime:0.000529s ]
INFO: Run WriteHtmlCache Behavior [ RunTime:0.000348s ]
INFO: Run ShowRuntime Behavior [ RunTime:0.000555s ]
INFO: [ view_filter ] --END-- [ RunTime:0.002189s ]
INFO: [ view_end ] --START--
INFO: Run ShowPageTrace Behavior [ RunTime:0.000676s ]
INFO: [ view_end ] --END-- [ RunTime:0.000768s ]

[ 2015-05-31T09:49:05+08:00 ] 0.0.0.0 /Blog/
INFO: [ app_begin ] --START--
INFO: Run ReadHtmlCache Behavior [ RunTime:0.000693s ]
INFO: [ app_begin ] --END-- [ RunTime:0.000832s ]
SQL: SHOW COLUMNS FROM `think_blog` [ RunTime:0.000138s ]
ERR: No database selected
 [ SQL语句 ] : SHOW COLUMNS FROM `think_blog`
SQL: SELECT * FROM `think_blog`  [ RunTime:0.000103s ]
ERR: No database selected
 [ SQL语句 ] : SELECT * FROM `think_blog` 
NOTIC: [8] Undefined variable: arr E:\Wamp\www\Blog\Home\Lib\Action\IndexAction.class.php 第 8 行.
INFO: [ view_template ] --START--
INFO: Run LocationTemplate Behavior [ RunTime:0.000774s ]
INFO: [ view_template ] --END-- [ RunTime:0.000873s ]
INFO: [ view_parse ] --START--
INFO: Run ParseTemplate Behavior [ RunTime:0.006897s ]
INFO: [ view_parse ] --END-- [ RunTime:0.007012s ]
INFO: [ view_filter ] --START--
INFO: Run ContentReplace Behavior [ RunTime:0.000552s ]
INFO: Run TokenBuild Behavior [ RunTime:0.000519s ]
INFO: Run WriteHtmlCache Behavior [ RunTime:0.000428s ]
INFO: Run ShowRuntime Behavior [ RunTime:0.000599s ]
INFO: [ view_filter ] --END-- [ RunTime:0.002369s ]
INFO: [ view_end ] --START--
INFO: Run ShowPageTrace Behavior [ RunTime:0.000634s ]
INFO: [ view_end ] --END-- [ RunTime:0.000726s ]

[ 2015-05-31T09:49:26+08:00 ] 0.0.0.0 /Blog/
INFO: [ app_begin ] --START--
INFO: Run ReadHtmlCache Behavior [ RunTime:0.000572s ]
INFO: [ app_begin ] --END-- [ RunTime:0.000820s ]
SQL: SHOW COLUMNS FROM `think_blog` [ RunTime:0.000144s ]
ERR: No database selected
 [ SQL语句 ] : SHOW COLUMNS FROM `think_blog`
SQL: SELECT * FROM `think_blog`  [ RunTime:0.000182s ]
ERR: No database selected
 [ SQL语句 ] : SELECT * FROM `think_blog` 
NOTIC: [8] Undefined variable: arr E:\Wamp\www\Blog\Home\Lib\Action\IndexAction.class.php 第 8 行.
INFO: [ view_template ] --START--
INFO: Run LocationTemplate Behavior [ RunTime:0.000677s ]
INFO: [ view_template ] --END-- [ RunTime:0.000843s ]
INFO: [ view_parse ] --START--
INFO: Run ParseTemplate Behavior [ RunTime:0.013390s ]
INFO: [ view_parse ] --END-- [ RunTime:0.013542s ]
INFO: [ view_filter ] --START--
INFO: Run ContentReplace Behavior [ RunTime:0.000479s ]
INFO: Run TokenBuild Behavior [ RunTime:0.000659s ]
INFO: Run WriteHtmlCache Behavior [ RunTime:0.000363s ]
INFO: Run ShowRuntime Behavior [ RunTime:0.000594s ]
INFO: [ view_filter ] --END-- [ RunTime:0.002434s ]
INFO: [ view_end ] --START--
INFO: Run ShowPageTrace Behavior [ RunTime:0.000620s ]
INFO: [ view_end ] --END-- [ RunTime:0.000748s ]

[ 2015-05-31T09:51:31+08:00 ] 0.0.0.0 /Blog/
INFO: [ app_begin ] --START--
INFO: Run ReadHtmlCache Behavior [ RunTime:0.000684s ]
INFO: [ app_begin ] --END-- [ RunTime:0.000819s ]
SQL: SHOW COLUMNS FROM `think_blogs` [ RunTime:0.000140s ]
ERR: No database selected
 [ SQL语句 ] : SHOW COLUMNS FROM `think_blogs`
SQL: SELECT * FROM `think_blogs`  [ RunTime:0.000107s ]
ERR: No database selected
 [ SQL语句 ] : SELECT * FROM `think_blogs` 
NOTIC: [8] Undefined variable: arr E:\Wamp\www\Blog\Home\Lib\Action\IndexAction.class.php 第 8 行.
INFO: [ view_template ] --START--
INFO: Run LocationTemplate Behavior [ RunTime:0.001251s ]
INFO: [ view_template ] --END-- [ RunTime:0.001425s ]
INFO: [ view_parse ] --START--
INFO: Run ParseTemplate Behavior [ RunTime:0.007012s ]
INFO: [ view_parse ] --END-- [ RunTime:0.007147s ]
INFO: [ view_filter ] --START--
INFO: Run ContentReplace Behavior [ RunTime:0.000531s ]
INFO: Run TokenBuild Behavior [ RunTime:0.000501s ]
INFO: Run WriteHtmlCache Behavior [ RunTime:0.000379s ]
INFO: Run ShowRuntime Behavior [ RunTime:0.000578s ]
INFO: [ view_filter ] --END-- [ RunTime:0.002270s ]
INFO: [ view_end ] --START--
INFO: Run ShowPageTrace Behavior [ RunTime:0.000604s ]
INFO: [ view_end ] --END-- [ RunTime:0.000702s ]

[ 2015-05-31T09:51:52+08:00 ] 0.0.0.0 /Blog/
INFO: [ app_begin ] --START--
INFO: Run ReadHtmlCache Behavior [ RunTime:0.000727s ]
INFO: [ app_begin ] --END-- [ RunTime:0.000871s ]
SQL: SHOW COLUMNS FROM `think_blogs` [ RunTime:0.000096s ]
ERR: No database selected
 [ SQL语句 ] : SHOW COLUMNS FROM `think_blogs`
SQL: SELECT * FROM `think_blogs`  [ RunTime:0.000163s ]
ERR: No database selected
 [ SQL语句 ] : SELECT * FROM `think_blogs` 
NOTIC: [8] Undefined variable: arr E:\Wamp\www\Blog\Home\Lib\Action\IndexAction.class.php 第 8 行.
INFO: [ view_template ] --START--
INFO: Run LocationTemplate Behavior [ RunTime:0.001223s ]
INFO: [ view_template ] --END-- [ RunTime:0.001385s ]
INFO: [ view_parse ] --START--
INFO: Run ParseTemplate Behavior [ RunTime:0.006576s ]
INFO: [ view_parse ] --END-- [ RunTime:0.006681s ]
INFO: [ view_filter ] --START--
INFO: Run ContentReplace Behavior [ RunTime:0.000631s ]
INFO: Run TokenBuild Behavior [ RunTime:0.000568s ]
INFO: Run WriteHtmlCache Behavior [ RunTime:0.000468s ]
INFO: Run ShowRuntime Behavior [ RunTime:0.000665s ]
INFO: [ view_filter ] --END-- [ RunTime:0.002618s ]
INFO: [ view_end ] --START--
INFO: Run ShowPageTrace Behavior [ RunTime:0.000686s ]
INFO: [ view_end ] --END-- [ RunTime:0.000783s ]

[ 2015-05-31T09:53:04+08:00 ] 0.0.0.0 /Blog/
INFO: [ app_begin ] --START--
INFO: Run ReadHtmlCache Behavior [ RunTime:0.000583s ]
INFO: [ app_begin ] --END-- [ RunTime:0.000718s ]
SQL: SHOW COLUMNS FROM `think_blogs` [ RunTime:0.000196s ]
ERR: No database selected
 [ SQL语句 ] : SHOW COLUMNS FROM `think_blogs`
SQL: SELECT * FROM `think_blogs`  [ RunTime:0.000145s ]
ERR: No database selected
 [ SQL语句 ] : SELECT * FROM `think_blogs` 
NOTIC: [8] Undefined variable: arr E:\Wamp\www\Blog\Home\Lib\Action\IndexAction.class.php 第 8 行.
INFO: [ view_template ] --START--
INFO: Run LocationTemplate Behavior [ RunTime:0.000593s ]
INFO: [ view_template ] --END-- [ RunTime:0.000691s ]
INFO: [ view_parse ] --START--
INFO: Run ParseTemplate Behavior [ RunTime:0.006072s ]
INFO: [ view_parse ] --END-- [ RunTime:0.006183s ]
INFO: [ view_filter ] --START--
INFO: Run ContentReplace Behavior [ RunTime:0.000502s ]
INFO: Run TokenBuild Behavior [ RunTime:0.000458s ]
INFO: Run WriteHtmlCache Behavior [ RunTime:0.000342s ]
INFO: Run ShowRuntime Behavior [ RunTime:0.000491s ]
INFO: [ view_filter ] --END-- [ RunTime:0.002059s ]
INFO: [ view_end ] --START--
INFO: Run ShowPageTrace Behavior [ RunTime:0.000585s ]
INFO: [ view_end ] --END-- [ RunTime:0.000680s ]

[ 2015-05-31T09:53:30+08:00 ] 0.0.0.0 /Blog/
INFO: [ app_begin ] --START--
INFO: Run ReadHtmlCache Behavior [ RunTime:0.000629s ]
INFO: [ app_begin ] --END-- [ RunTime:0.000767s ]
SQL: SHOW COLUMNS FROM `think_blogs` [ RunTime:0.000145s ]
ERR: No database selected
 [ SQL语句 ] : SHOW COLUMNS FROM `think_blogs`
SQL: SELECT * FROM `think_blogs`  [ RunTime:0.000147s ]
ERR: No database selected
 [ SQL语句 ] : SELECT * FROM `think_blogs` 
NOTIC: [8] Undefined variable: arr E:\Wamp\www\Blog\Home\Lib\Action\IndexAction.class.php 第 8 行.
INFO: [ view_template ] --START--
INFO: Run LocationTemplate Behavior [ RunTime:0.000541s ]
INFO: [ view_template ] --END-- [ RunTime:0.000640s ]
INFO: [ view_parse ] --START--
INFO: Run ParseTemplate Behavior [ RunTime:0.006167s ]
INFO: [ view_parse ] --END-- [ RunTime:0.006276s ]
INFO: [ view_filter ] --START--
INFO: Run ContentReplace Behavior [ RunTime:0.000448s ]
INFO: Run TokenBuild Behavior [ RunTime:0.000472s ]
INFO: Run WriteHtmlCache Behavior [ RunTime:0.000340s ]
INFO: Run ShowRuntime Behavior [ RunTime:0.000570s ]
INFO: [ view_filter ] --END-- [ RunTime:0.002127s ]
INFO: [ view_end ] --START--
INFO: Run ShowPageTrace Behavior [ RunTime:0.000560s ]
INFO: [ view_end ] --END-- [ RunTime:0.000655s ]

[ 2015-05-31T09:53:39+08:00 ] 0.0.0.0 /Blog/
INFO: [ app_begin ] --START--
INFO: Run ReadHtmlCache Behavior [ RunTime:0.000554s ]
INFO: [ app_begin ] --END-- [ RunTime:0.000677s ]
SQL: SHOW COLUMNS FROM `think_blogs` [ RunTime:0.000164s ]
ERR: No database selected
 [ SQL语句 ] : SHOW COLUMNS FROM `think_blogs`
SQL: SELECT * FROM `think_blogs`  [ RunTime:0.000146s ]
ERR: No database selected
 [ SQL语句 ] : SELECT * FROM `think_blogs` 
NOTIC: [8] Undefined variable: arr E:\Wamp\www\Blog\Home\Lib\Action\IndexAction.class.php 第 8 行.
INFO: [ view_template ] --START--
INFO: Run LocationTemplate Behavior [ RunTime:0.000523s ]
INFO: [ view_template ] --END-- [ RunTime:0.000622s ]
INFO: [ view_parse ] --START--
INFO: Run ParseTemplate Behavior [ RunTime:0.006125s ]
INFO: [ view_parse ] --END-- [ RunTime:0.006236s ]
INFO: [ view_filter ] --START--
INFO: Run ContentReplace Behavior [ RunTime:0.000422s ]
INFO: Run TokenBuild Behavior [ RunTime:0.000452s ]
INFO: Run WriteHtmlCache Behavior [ RunTime:0.000481s ]
INFO: Run ShowRuntime Behavior [ RunTime:0.000588s ]
INFO: [ view_filter ] --END-- [ RunTime:0.002261s ]
INFO: [ view_end ] --START--
INFO: Run ShowPageTrace Behavior [ RunTime:0.000607s ]
INFO: [ view_end ] --END-- [ RunTime:0.000701s ]

[ 2015-05-31T09:53:41+08:00 ] 0.0.0.0 /Blog/
INFO: [ app_begin ] --START--
INFO: Run ReadHtmlCache Behavior [ RunTime:0.000614s ]
INFO: [ app_begin ] --END-- [ RunTime:0.000756s ]
SQL: SHOW COLUMNS FROM `think_blogs` [ RunTime:0.000115s ]
ERR: No database selected
 [ SQL语句 ] : SHOW COLUMNS FROM `think_blogs`
SQL: SELECT * FROM `think_blogs`  [ RunTime:0.000113s ]
ERR: No database selected
 [ SQL语句 ] : SELECT * FROM `think_blogs` 
NOTIC: [8] Undefined variable: arr E:\Wamp\www\Blog\Home\Lib\Action\IndexAction.class.php 第 8 行.
INFO: [ view_template ] --START--
INFO: Run LocationTemplate Behavior [ RunTime:0.000790s ]
INFO: [ view_template ] --END-- [ RunTime:0.000926s ]
INFO: [ view_parse ] --START--
INFO: Run ParseTemplate Behavior [ RunTime:0.006463s ]
INFO: [ view_parse ] --END-- [ RunTime:0.006648s ]
INFO: [ view_filter ] --START--
INFO: Run ContentReplace Behavior [ RunTime:0.000801s ]
INFO: Run TokenBuild Behavior [ RunTime:0.000538s ]
INFO: Run WriteHtmlCache Behavior [ RunTime:0.000447s ]
INFO: Run ShowRuntime Behavior [ RunTime:0.000634s ]
INFO: [ view_filter ] --END-- [ RunTime:0.002724s ]
INFO: [ view_end ] --START--
INFO: Run ShowPageTrace Behavior [ RunTime:0.000642s ]
INFO: [ view_end ] --END-- [ RunTime:0.000761s ]

[ 2015-05-31T09:53:47+08:00 ] 0.0.0.0 /Blog/
INFO: [ app_begin ] --START--
INFO: Run ReadHtmlCache Behavior [ RunTime:0.000497s ]
INFO: [ app_begin ] --END-- [ RunTime:0.000628s ]
SQL: SHOW COLUMNS FROM `think_blogs` [ RunTime:0.000121s ]
ERR: No database selected
 [ SQL语句 ] : SHOW COLUMNS FROM `think_blogs`
SQL: SELECT * FROM `think_blogs`  [ RunTime:0.000121s ]
ERR: No database selected
 [ SQL语句 ] : SELECT * FROM `think_blogs` 
NOTIC: [8] Undefined variable: arr E:\Wamp\www\Blog\Home\Lib\Action\IndexAction.class.php 第 8 行.
INFO: [ view_template ] --START--
INFO: Run LocationTemplate Behavior [ RunTime:0.000529s ]
INFO: [ view_template ] --END-- [ RunTime:0.000631s ]
INFO: [ view_parse ] --START--
INFO: Run ParseTemplate Behavior [ RunTime:0.005728s ]
INFO: [ view_parse ] --END-- [ RunTime:0.005847s ]
INFO: [ view_filter ] --START--
INFO: Run ContentReplace Behavior [ RunTime:0.000481s ]
INFO: Run TokenBuild Behavior [ RunTime:0.000561s ]
INFO: Run WriteHtmlCache Behavior [ RunTime:0.000319s ]
INFO: Run ShowRuntime Behavior [ RunTime:0.000489s ]
INFO: [ view_filter ] --END-- [ RunTime:0.002165s ]
INFO: [ view_end ] --START--
INFO: Run ShowPageTrace Behavior [ RunTime:0.000498s ]
INFO: [ view_end ] --END-- [ RunTime:0.000594s ]

[ 2015-05-31T09:54:27+08:00 ] 0.0.0.0 /Blog/
INFO: [ app_begin ] --START--
INFO: Run ReadHtmlCache Behavior [ RunTime:0.000559s ]
INFO: [ app_begin ] --END-- [ RunTime:0.000689s ]
SQL: SHOW COLUMNS FROM `think_blogs` [ RunTime:0.000130s ]
ERR: No database selected
 [ SQL语句 ] : SHOW COLUMNS FROM `think_blogs`
SQL: SELECT * FROM `think_blogs`  [ RunTime:0.000136s ]
ERR: No database selected
 [ SQL语句 ] : SELECT * FROM `think_blogs` 
NOTIC: [8] Undefined variable: arr E:\Wamp\www\Blog\Home\Lib\Action\IndexAction.class.php 第 8 行.
INFO: [ view_template ] --START--
INFO: Run LocationTemplate Behavior [ RunTime:0.000515s ]
INFO: [ view_template ] --END-- [ RunTime:0.000612s ]
INFO: [ view_parse ] --START--
INFO: Run ParseTemplate Behavior [ RunTime:0.006664s ]
INFO: [ view_parse ] --END-- [ RunTime:0.006776s ]
INFO: [ view_filter ] --START--
INFO: Run ContentReplace Behavior [ RunTime:0.000482s ]
INFO: Run TokenBuild Behavior [ RunTime:0.000448s ]
INFO: Run WriteHtmlCache Behavior [ RunTime:0.000323s ]
INFO: Run ShowRuntime Behavior [ RunTime:0.000535s ]
INFO: [ view_filter ] --END-- [ RunTime:0.002048s ]
INFO: [ view_end ] --START--
INFO: Run ShowPageTrace Behavior [ RunTime:0.000589s ]
INFO: [ view_end ] --END-- [ RunTime:0.000682s ]

[ 2015-05-31T10:08:26+08:00 ] 0.0.0.0 /Blog/
INFO: [ app_begin ] --START--
INFO: Run ReadHtmlCache Behavior [ RunTime:0.000716s ]
INFO: [ app_begin ] --END-- [ RunTime:0.000879s ]
SQL: SHOW COLUMNS FROM `think_blogs` [ RunTime:0.000152s ]
ERR: No database selected
 [ SQL语句 ] : SHOW COLUMNS FROM `think_blogs`
SQL: SELECT * FROM `think_blogs`  [ RunTime:0.000148s ]
ERR: No database selected
 [ SQL语句 ] : SELECT * FROM `think_blogs` 
NOTIC: [8] Undefined variable: arr E:\Wamp\www\Blog\Home\Lib\Action\IndexAction.class.php 第 7 行.
INFO: [ view_template ] --START--
INFO: Run LocationTemplate Behavior [ RunTime:0.000822s ]
INFO: [ view_template ] --END-- [ RunTime:0.000923s ]
INFO: [ view_parse ] --START--
INFO: Run ParseTemplate Behavior [ RunTime:0.006666s ]
INFO: [ view_parse ] --END-- [ RunTime:0.006784s ]
INFO: [ view_filter ] --START--
INFO: Run ContentReplace Behavior [ RunTime:0.000591s ]
INFO: Run TokenBuild Behavior [ RunTime:0.000588s ]
INFO: Run WriteHtmlCache Behavior [ RunTime:0.000448s ]
INFO: Run ShowRuntime Behavior [ RunTime:0.000631s ]
INFO: [ view_filter ] --END-- [ RunTime:0.002529s ]
INFO: [ view_end ] --START--
INFO: Run ShowPageTrace Behavior [ RunTime:0.000696s ]
INFO: [ view_end ] --END-- [ RunTime:0.000791s ]

[ 2015-05-31T10:08:29+08:00 ] 0.0.0.0 /Blog/
INFO: [ app_begin ] --START--
INFO: Run ReadHtmlCache Behavior [ RunTime:0.000685s ]
INFO: [ app_begin ] --END-- [ RunTime:0.000803s ]
SQL: SHOW COLUMNS FROM `think_blogs` [ RunTime:0.000142s ]
ERR: No database selected
 [ SQL语句 ] : SHOW COLUMNS FROM `think_blogs`
SQL: SELECT * FROM `think_blogs`  [ RunTime:0.000128s ]
ERR: No database selected
 [ SQL语句 ] : SELECT * FROM `think_blogs` 
NOTIC: [8] Undefined variable: arr E:\Wamp\www\Blog\Home\Lib\Action\IndexAction.class.php 第 7 行.
INFO: [ view_template ] --START--
INFO: Run LocationTemplate Behavior [ RunTime:0.000825s ]
INFO: [ view_template ] --END-- [ RunTime:0.000961s ]
INFO: [ view_parse ] --START--
INFO: Run ParseTemplate Behavior [ RunTime:0.007185s ]
INFO: [ view_parse ] --END-- [ RunTime:0.007374s ]
INFO: [ view_filter ] --START--
INFO: Run ContentReplace Behavior [ RunTime:0.000633s ]
INFO: Run TokenBuild Behavior [ RunTime:0.000515s ]
INFO: Run WriteHtmlCache Behavior [ RunTime:0.000407s ]
INFO: Run ShowRuntime Behavior [ RunTime:0.000586s ]
INFO: [ view_filter ] --END-- [ RunTime:0.002413s ]
INFO: [ view_end ] --START--
INFO: Run ShowPageTrace Behavior [ RunTime:0.000687s ]
INFO: [ view_end ] --END-- [ RunTime:0.000780s ]

[ 2015-05-31T10:09:26+08:00 ] 0.0.0.0 /Blog/
INFO: [ app_begin ] --START--
INFO: Run ReadHtmlCache Behavior [ RunTime:0.000566s ]
INFO: [ app_begin ] --END-- [ RunTime:0.000747s ]
SQL: SHOW COLUMNS FROM `think_blogs` [ RunTime:0.000120s ]
ERR: No database selected
 [ SQL语句 ] : SHOW COLUMNS FROM `think_blogs`
SQL: SELECT * FROM `think_blogs`  [ RunTime:0.000122s ]
ERR: No database selected
 [ SQL语句 ] : SELECT * FROM `think_blogs` 
NOTIC: [8] Undefined variable: arr E:\Wamp\www\Blog\Home\Lib\Action\IndexAction.class.php 第 8 行.
INFO: [ view_template ] --START--
INFO: Run LocationTemplate Behavior [ RunTime:0.000582s ]
INFO: [ view_template ] --END-- [ RunTime:0.000683s ]
INFO: [ view_parse ] --START--
INFO: Run ParseTemplate Behavior [ RunTime:0.005958s ]
INFO: [ view_parse ] --END-- [ RunTime:0.006073s ]
INFO: [ view_filter ] --START--
INFO: Run ContentReplace Behavior [ RunTime:0.000458s ]
INFO: Run TokenBuild Behavior [ RunTime:0.000455s ]
INFO: Run WriteHtmlCache Behavior [ RunTime:0.000426s ]
INFO: Run ShowRuntime Behavior [ RunTime:0.000943s ]
INFO: [ view_filter ] --END-- [ RunTime:0.002585s ]
INFO: [ view_end ] --START--
INFO: Run ShowPageTrace Behavior [ RunTime:0.000595s ]
INFO: [ view_end ] --END-- [ RunTime:0.000691s ]

[ 2015-05-31T10:29:07+08:00 ] ERR: (ThinkException) 非法操作:Login
[ 2015-05-31T10:31:25+08:00 ] ERR: (ThinkException) 模板不存在[./Home/Tpl/Index/Login.html]
[ 2015-05-31T10:31:40+08:00 ] ERR: (ThinkException) 模板不存在[./Home/Tpl/Index/Login.html]
[ 2015-05-31T10:31:44+08:00 ] ERR: (ThinkException) 模板不存在[./Home/Tpl/Index/Login.html]
[ 2015-05-31T11:32:14+08:00 ] ERR: (ThinkException) 非法操作:____
[ 2015-05-31T11:35:30+08:00 ] ERR: (ThinkException) 非法操作:content
[ 2015-05-31T11:58:56+08:00 ] ERR: (ThinkException) 非法操作:date
[ 2015-05-31T12:07:26+08:00 ] ERR: (ThinkException) 非法操作:blog
[ 2015-05-31T12:32:37+08:00 ] ERR: (ThinkException) XML标签语法错误 : condition='$blog[0].id eq <{$count}
[ 2015-05-31T12:33:06+08:00 ] ERR: (ThinkException) XML标签语法错误 : condition='$blog[0].id eq <{$count}
[ 2015-05-31T12:34:08+08:00 ] ERR: (ThinkException) XML标签语法错误 : condition='$blog[0].id eq <{$count}
[ 2015-05-31T12:36:23+08:00 ] ERR: (ThinkException) XML标签语法错误 : condition='$blog[0].id eq <{$count}
[ 2015-05-31T12:46:21+08:00 ] ERR: (ThinkException) 非法操作:list
[ 2015-05-31T12:52:32+08:00 ] ERR: (ThinkException) 非法操作:list
[ 2015-05-31T13:06:26+08:00 ] ERR: (ThinkException) 非法操作:list
[ 2015-05-31T14:38:18+08:00 ] ERR: (ThinkException) 非法操作:search
[ 2015-05-31T15:24:49+08:00 ] ERR: (ThinkException) 非法操作:add
[ 2015-05-31T15:25:22+08:00 ] ERR: (ThinkException) 模板不存在[./Home/Tpl/Index/Index.html]
[ 2015-05-31T15:25:42+08:00 ] ERR: (ThinkException) 模板不存在[./Home/Tpl/Index/Index.html]
[ 2015-05-31T17:22:13+08:00 ] ERR: (ThinkException) 非法操作:type
[ 2015-05-31T18:28:05+08:00 ] ERR: (ThinkException) 非法操作:type
[ 2015-05-31T19:15:01+08:00 ] ERR: (ThinkException) 模板不存在[./Home/Tpl/Index/search.html]
[ 2015-05-31T20:35:08+08:00 ] ERR: (ThinkException) XML标签语法错误 : condition="<{$id}
[ 2015-05-31T20:35:09+08:00 ] ERR: (ThinkException) XML标签语法错误 : condition="<{$id}
[ 2015-05-31T20:35:16+08:00 ] ERR: (ThinkException) XML标签语法错误 : condition="<{$id}
[ 2015-05-31T20:35:16+08:00 ] ERR: (ThinkException) XML标签语法错误 : condition="<{$id}
[ 2015-05-31T21:23:51+08:00 ] ERR: (ThinkException) 无法加载模块:Public
[ 2015-05-31T21:25:01+08:00 ] ERR: (ThinkException) XML标签语法错误
[ 2015-05-31T21:25:01+08:00 ] ERR: (ThinkException) XML标签语法错误
[ 2015-05-31T21:25:05+08:00 ] ERR: (ThinkException) XML标签语法错误
[ 2015-05-31T21:25:13+08:00 ] ERR: (ThinkException) XML标签语法错误
[ 2015-05-31T21:25:13+08:00 ] ERR: (ThinkException) XML标签语法错误
[ 2015-05-31T21:25:27+08:00 ] ERR: (ThinkException) 无法加载模块:Public
[ 2015-05-31T21:26:15+08:00 ] ERR: (ThinkException) 无法加载模块:Public
[ 2015-05-31T21:26:23+08:00 ] ERR: (ThinkException) Model:whliere您所请求的方法不存在！
[ 2015-05-31T21:30:20+08:00 ] ERR: (ThinkException) 无法加载模块:Public
[ 2015-05-31T21:30:51+08:00 ] ERR: (ThinkException) 无法加载模块:Public
[ 2015-05-31T21:35:36+08:00 ] ERR: (ThinkException) 无法加载模块:Public
[ 2015-05-31T21:36:06+08:00 ] ERR: (ThinkException) 无法加载模块:Public
[ 2015-05-31T21:36:18+08:00 ] ERR: (ThinkException) 无法加载模块:Public
[ 2015-05-31T21:36:59+08:00 ] ERR: (ThinkException) 无法加载模块:Public
[ 2015-05-31T21:36:59+08:00 ] ERR: (ThinkException) 无法加载模块:Public
[ 2015-05-31T21:41:00+08:00 ] ERR: (ThinkException) 无法加载模块:Public
[ 2015-05-31T21:58:04+08:00 ] ERR: (ThinkException) 无法加载模块:Public
[ 2015-05-31T21:58:14+08:00 ] ERR: (ThinkException) 无法加载模块:Public
[ 2015-05-31T21:58:16+08:00 ] ERR: (ThinkException) 无法加载模块:Public
[ 2015-05-31T21:59:08+08:00 ] ERR: (ThinkException) 无法加载模块:Public
[ 2015-05-31T21:59:31+08:00 ] ERR: (ThinkException) 无法加载模块:Public
[ 2015-05-31T21:59:33+08:00 ] ERR: (ThinkException) 无法加载模块:Public
[ 2015-05-31T21:59:33+08:00 ] ERR: (ThinkException) 无法加载模块:Public
[ 2015-05-31T21:59:34+08:00 ] ERR: (ThinkException) 无法加载模块:Public
[ 2015-05-31T21:59:34+08:00 ] ERR: (ThinkException) 无法加载模块:Public
